[2025-05-17 22:11:12.318091] [子0] PID 10759 起動
[2025-05-17 22:11:12.318385] [子1] PID 10760 起動
[2025-05-17 22:11:12.318720] [子2] PID 10761 起動
[2025-05-17 22:11:12.319507] [子1] PID 10760 確率的クラッシュ！
[2025-05-17 22:11:15.325692] [親] 子1 Broken Pipe!
[2025-05-17 22:11:15.328756] [子1] PID 10790 起動
[2025-05-17 22:11:15.330374] [子1] PID 10790 確率的クラッシュ！
[2025-05-17 22:11:18.334464] [親] 子1 Broken Pipe!
[2025-05-17 22:11:18.339079] [子1] PID 10805 起動
[2025-05-17 22:11:42.371991] [親] 子1 Broken Pipe!
[2025-05-17 22:11:42.375898] [子1] PID 10990 起動
[2025-05-17 22:11:51.390419] [親] 子1 Broken Pipe!
[2025-05-17 22:11:51.392623] [子1] PID 11052 起動
[2025-05-17 22:11:57.402628] [親] 子1 Broken Pipe!
[2025-05-17 22:11:57.405408] [子1] PID 11095 起動
[2025-05-17 22:11:57.406811] [子1] PID 11095 確率的クラッシュ！
[2025-05-17 22:12:00.410431] [親] 子1 Broken Pipe!
[2025-05-17 22:12:00.411343] [親] 子1 復旧回数超過 → 停止
[2025-05-17 22:12:03.417575] [親] 子2 Broken Pipe!
[2025-05-17 22:12:03.422430] [子2] PID 11146 起動
[2025-05-17 22:12:24.447141] [親] 子2 Broken Pipe!
[2025-05-17 22:12:24.450196] [子2] PID 11312 起動
[2025-05-17 22:12:27.454767] [親] 子2 Broken Pipe!
[2025-05-17 22:12:27.456531] [子2] PID 11328 起動
[2025-05-17 22:12:33.465560] [親] 子2 Broken Pipe!
[2025-05-17 22:12:33.468272] [子2] PID 11377 起動
[2025-05-17 22:12:42.478878] [親] 子2 Broken Pipe!
[2025-05-17 22:12:42.479666] [親] 子2 復旧回数超過 → 停止
[2025-05-17 22:12:49.601044] [子0] PID 10759 正常終了
